<?xml version="1.0" encoding="UTF-8"?>
<!-- Generated by org.testng.reporters.JUnitReportReporter -->
<testsuite hostname="Noahs-MacBook-Pro.local" failures="0" tests="2" name="seleniumTest.Products" time="17.715" errors="0" timestamp="2022-03-21T12:51:21 MDT" skipped="0">
  <testcase classname="seleniumTest.Products" name="launchbrowser" time="15.483"/>
  <system-out/>
  <testcase classname="seleniumTest.Products" name="usernamePassword" time="2.232"/>
  <system-out/>
</testsuite> <!-- seleniumTest.Products -->
